<?xml version="1.0" encoding="utf-8"?><testsuites name="pytest tests"><testsuite name="pytest" errors="0" failures="0" skipped="0" tests="11" time="2.127" timestamp="2026-04-28T14:23:12.296597+00:00" hostname="agent-env-9af31cbc-6529-44ce-b00f-d395a6f4a367"><testcase classname="backend.tests.test_porsche_api.TestRoot" name="test_root_returns_norwegian_message" time="0.262" /><testcase classname="backend.tests.test_porsche_api.TestContactCreate" name="test_create_contact_full_payload" time="0.183" /><testcase classname="backend.tests.test_porsche_api.TestContactCreate" name="test_create_contact_minimal_payload" time="0.163" /><testcase classname="backend.tests.test_porsche_api.TestContactCreate" name="test_create_contact_invalid_email" time="0.119" /><testcase classname="backend.tests.test_porsche_api.TestContactCreate" name="test_create_contact_missing_name" time="0.149" /><testcase classname="backend.tests.test_porsche_api.TestContactCreate" name="test_create_contact_missing_email" time="0.155" /><testcase classname="backend.tests.test_porsche_api.TestContactCreate" name="test_create_contact_missing_message" time="0.172" /><testcase classname="backend.tests.test_porsche_api.TestContactCreate" name="test_create_contact_empty_name" time="0.115" /><testcase classname="backend.tests.test_porsche_api.TestContactCreate" name="test_create_contact_empty_message" time="0.150" /><testcase classname="backend.tests.test_porsche_api.TestContactList" name="test_list_contacts_excludes_mongo_id_and_persists" time="0.226" /><testcase classname="backend.tests.test_porsche_api.TestContactList" name="test_list_contacts_sorted_desc_by_created_at" time="0.217" /></testsuite></testsuites>